<?xml version="1.0" encoding="UTF-8"?>
<testsuite xmlns:xsi="http://www.w3.org/2001/XMLSchema-instance" xsi:noNamespaceSchemaLocation="https://maven.apache.org/surefire/maven-surefire-plugin/xsd/surefire-test-report-3.0.xsd" version="3.0" name="com.dromozoa.utf8.ApplicationTest" time="0.06" tests="3" errors="0" skipped="0" failures="0">
  <properties>
    <property name="java.specification.version" value="24"/>
    <property name="sun.jnu.encoding" value="UTF-8"/>
    <property name="java.class.path" value="/home/theion/tproj/dromozoa-utf8/test/icu4j/target/test-classes:/home/theion/tproj/dromozoa-utf8/test/icu4j/target/classes:/home/theion/.m2/repository/com/ibm/icu/icu4j/76.1/icu4j-76.1.jar:/home/theion/.m2/repository/org/junit/jupiter/junit-jupiter-api/5.11.3/junit-jupiter-api-5.11.3.jar:/home/theion/.m2/repository/org/opentest4j/opentest4j/1.3.0/opentest4j-1.3.0.jar:/home/theion/.m2/repository/org/junit/platform/junit-platform-commons/1.11.3/junit-platform-commons-1.11.3.jar:/home/theion/.m2/repository/org/apiguardian/apiguardian-api/1.1.2/apiguardian-api-1.1.2.jar:"/>
    <property name="java.vm.vendor" value="Arch Linux"/>
    <property name="sun.arch.data.model" value="64"/>
    <property name="java.vendor.url" value="https://openjdk.org/"/>
    <property name="os.name" value="Linux"/>
    <property name="java.vm.specification.version" value="24"/>
    <property name="sun.java.launcher" value="SUN_STANDARD"/>
    <property name="user.country" value="US"/>
    <property name="sun.boot.library.path" value="/usr/lib/jvm/java-24-openjdk/lib"/>
    <property name="sun.java.command" value="/home/theion/tproj/dromozoa-utf8/test/icu4j/target/surefire/surefirebooter-20250606164048529_3.jar /home/theion/tproj/dromozoa-utf8/test/icu4j/target/surefire 2025-06-06T16-40-48_450-jvmRun1 surefire-20250606164048529_1tmp surefire_0-20250606164048529_2tmp"/>
    <property name="jdk.debug" value="release"/>
    <property name="surefire.test.class.path" value="/home/theion/tproj/dromozoa-utf8/test/icu4j/target/test-classes:/home/theion/tproj/dromozoa-utf8/test/icu4j/target/classes:/home/theion/.m2/repository/com/ibm/icu/icu4j/76.1/icu4j-76.1.jar:/home/theion/.m2/repository/org/junit/jupiter/junit-jupiter-api/5.11.3/junit-jupiter-api-5.11.3.jar:/home/theion/.m2/repository/org/opentest4j/opentest4j/1.3.0/opentest4j-1.3.0.jar:/home/theion/.m2/repository/org/junit/platform/junit-platform-commons/1.11.3/junit-platform-commons-1.11.3.jar:/home/theion/.m2/repository/org/apiguardian/apiguardian-api/1.1.2/apiguardian-api-1.1.2.jar:"/>
    <property name="sun.cpu.endian" value="little"/>
    <property name="user.home" value="/home/theion"/>
    <property name="user.language" value="en"/>
    <property name="java.specification.vendor" value="Oracle Corporation"/>
    <property name="java.version.date" value="2025-04-15"/>
    <property name="java.home" value="/usr/lib/jvm/java-24-openjdk"/>
    <property name="file.separator" value="/"/>
    <property name="basedir" value="/home/theion/tproj/dromozoa-utf8/test/icu4j"/>
    <property name="java.vm.compressedOopsMode" value="Zero based"/>
    <property name="line.separator" value="&#10;"/>
    <property name="java.specification.name" value="Java Platform API Specification"/>
    <property name="java.vm.specification.vendor" value="Oracle Corporation"/>
    <property name="surefire.real.class.path" value="/home/theion/tproj/dromozoa-utf8/test/icu4j/target/surefire/surefirebooter-20250606164048529_3.jar"/>
    <property name="sun.management.compiler" value="HotSpot 64-Bit Tiered Compilers"/>
    <property name="java.runtime.version" value="24.0.1"/>
    <property name="user.name" value="theion"/>
    <property name="stdout.encoding" value="UTF-8"/>
    <property name="path.separator" value=":"/>
    <property name="os.version" value="6.14.6-arch1-1"/>
    <property name="java.runtime.name" value="OpenJDK Runtime Environment"/>
    <property name="file.encoding" value="UTF-8"/>
    <property name="java.vm.name" value="OpenJDK 64-Bit Server VM"/>
    <property name="localRepository" value="/home/theion/.m2/repository"/>
    <property name="java.vendor.url.bug" value="https://bugreport.java.com/bugreport/"/>
    <property name="java.io.tmpdir" value="/tmp"/>
    <property name="java.version" value="24.0.1"/>
    <property name="user.dir" value="/home/theion/tproj/dromozoa-utf8/test/icu4j"/>
    <property name="os.arch" value="amd64"/>
    <property name="java.vm.specification.name" value="Java Virtual Machine Specification"/>
    <property name="native.encoding" value="UTF-8"/>
    <property name="java.library.path" value="/usr/java/packages/lib:/usr/lib64:/lib64:/lib:/usr/lib"/>
    <property name="java.vm.info" value="mixed mode, sharing"/>
    <property name="stderr.encoding" value="UTF-8"/>
    <property name="java.vendor" value="Arch Linux"/>
    <property name="java.vm.version" value="24.0.1"/>
    <property name="sun.io.unicode.encoding" value="UnicodeLittle"/>
    <property name="java.class.version" value="68.0"/>
  </properties>
  <testcase name="testWhiteSpace" classname="com.dromozoa.utf8.ApplicationTest" time="0.038">
    <system-out><![CDATA[8192	8202	true
8203	8231	false
8232	8233	true
8234	8238	false
8239	8239	true
8240	8286	false
8287	8287	true
8288	8447	false
]]></system-out>
  </testcase>
  <testcase name="testEastAsianWidth" classname="com.dromozoa.utf8.ApplicationTest" time="0.002">
    <system-out><![CDATA[12288	12288	F
12289	12350	W
12351	12352	N
12353	12438	W
12439	12440	N
12441	12543	W
]]></system-out>
  </testcase>
  <testcase name="testGeneralCategory" classname="com.dromozoa.utf8.ApplicationTest" time="0.002">
    <system-out><![CDATA[8192	8202	Zs
8203	8207	Cf
]]></system-out>
  </testcase>
</testsuite>